\BOOKMARK [0][-]{PDFPortadaPage.0}{\376\377\000P\000o\000r\000t\000a\000d\000a}{}% 1
\BOOKMARK [0][-]{PDFAutorizacionPage.0}{\376\377\000A\000u\000t\000o\000r\000i\000z\000a\000c\000i\000\363\000n}{}% 2
\BOOKMARK [0][-]{section*.3}{\376\377\000\315\000n\000d\000i\000c\000e}{}% 3
\BOOKMARK [0][-]{chapter*.5}{\376\377\000\315\000n\000d\000i\000c\000e\000\040\000d\000e\000\040\000f\000i\000g\000u\000r\000a\000s}{}% 4
\BOOKMARK [0][-]{chapter*.5}{\376\377\000R\000e\000s\000u\000m\000e\000n}{}% 5
\BOOKMARK [0][-]{PDFResumenPage.0}{\376\377\000R\000e\000s\000u\000m\000e\000n}{}% 6
\BOOKMARK [0][-]{chapter.1}{\376\377\000I\000n\000t\000r\000o\000d\000u\000c\000c\000i\000\363\000n}{}% 7
\BOOKMARK [1][-]{section.1.1}{\376\377\000M\000o\000t\000i\000v\000a\000c\000i\000\363\000n}{chapter.1}% 8
\BOOKMARK [1][-]{section.1.2}{\376\377\000E\000s\000t\000a\000d\000o\000\040\000d\000e\000l\000\040\000a\000r\000t\000e}{chapter.1}% 9
\BOOKMARK [1][-]{section.1.3}{\376\377\000O\000b\000j\000e\000t\000i\000v\000o\000s}{chapter.1}% 10
\BOOKMARK [1][-]{section.1.4}{\376\377\000O\000r\000g\000a\000n\000i\000z\000a\000c\000i\000\363\000n\000\040\000d\000e\000\040\000l\000a\000\040\000m\000e\000m\000o\000r\000i\000a}{chapter.1}% 11
\BOOKMARK [0][-]{chapter.2}{\376\377\000S\000i\000s\000t\000e\000m\000a\000\040\000d\000e\000\040\000m\000a\000n\000e\000r\000a\000\040\000g\000l\000o\000b\000a\000l}{}% 12
\BOOKMARK [1][-]{section.2.1}{\376\377\000A\000l\000g\000o\000r\000i\000t\000m\000o\000\040\000d\000e\000\040\000e\000s\000t\000i\000m\000a\000c\000i\000\363\000n\000\040\000d\000e\000\040\000b\000\372\000s\000q\000u\000e\000d\000a\000\040\000d\000e\000\040\000f\000u\000e\000n\000t\000e\000s}{chapter.2}% 13
\BOOKMARK [1][-]{section.2.2}{\376\377\000A\000l\000g\000o\000r\000i\000t\000m\000o\000\040\000d\000e\000\040\000c\000o\000n\000t\000r\000o\000l\000\040\000d\000e\000\040\000f\000o\000r\000m\000a\000c\000i\000\363\000n\000\040\000c\000i\000r\000c\000u\000l\000a\000r}{chapter.2}% 14
\BOOKMARK [1][-]{section.2.3}{\376\377\000A\000l\000g\000o\000r\000i\000t\000m\000o\000\040\000d\000e\000\040\000a\000s\000c\000e\000n\000s\000o\000\040\000d\000e\000\040\000g\000r\000a\000d\000i\000e\000n\000t\000e}{chapter.2}% 15
\BOOKMARK [1][-]{section.2.4}{\376\377\000O\000p\000e\000r\000a\000c\000i\000\363\000n\000\040\000c\000o\000n\000j\000u\000n\000t\000a\000\040\000d\000e\000\040\000l\000o\000s\000\040\000t\000r\000e\000s\000\040\000a\000l\000g\000o\000r\000i\000t\000m\000o\000s}{chapter.2}% 16
\BOOKMARK [0][-]{chapter.3}{\376\377\000R\000e\000s\000u\000l\000t\000a\000d\000o\000s\000\040\000e\000x\000p\000e\000r\000i\000m\000e\000n\000t\000a\000l\000e\000s}{}% 17
\BOOKMARK [1][-]{section.3.1}{\376\377\000V\000a\000r\000i\000a\000c\000i\000\363\000n\000\040\000d\000e\000l\000\040\000p\000u\000n\000t\000o\000\040\000i\000n\000i\000c\000i\000a\000l}{chapter.3}% 18
\BOOKMARK [1][-]{section.3.2}{\376\377\000V\000a\000r\000i\000a\000c\000i\000\363\000n\000\040\000d\000e\000l\000\040\000n\000\372\000m\000e\000r\000o\000\040\000d\000e\000\040\000a\000g\000e\000n\000t\000e\000s\000\040\000N}{chapter.3}% 19
\BOOKMARK [1][-]{section.3.3}{\376\377\000V\000a\000r\000i\000a\000c\000i\000\363\000n\000\040\000d\000e\000l\000\040\000r\000a\000d\000i\000o\000\040\000D}{chapter.3}% 20
\BOOKMARK [1][-]{section.3.4}{\376\377\000V\000a\000r\000i\000a\000c\000i\000\363\000n\000\040\000d\000e\000l\000\040\000p\000e\000s\000o\000\040}{chapter.3}% 21
\BOOKMARK [1][-]{section.3.5}{\376\377\000E\000v\000a\000l\000u\000a\000c\000i\000\363\000n\000\040\000c\000o\000n\000\040\000M\000\372\000l\000t\000i\000p\000l\000e\000s\000\040\000f\000u\000e\000n\000t\000e\000s}{chapter.3}% 22
\BOOKMARK [0][-]{chapter.4}{\376\377\000C\000o\000n\000c\000l\000u\000s\000i\000o\000n\000e\000s\000\040\000y\000\040\000f\000u\000t\000u\000r\000a\000s\000\040\000i\000n\000v\000e\000s\000t\000i\000g\000a\000c\000i\000o\000n\000e\000s}{}% 23
\BOOKMARK [0][-]{chapter*.6}{\376\377\000B\000i\000b\000l\000i\000o\000g\000r\000a\000f\000\355\000a}{}% 24
